    ____  ____
   /   /\/   /
  /___/  \  /    VENDOR      : Xilinx Inc.
  \   \   \/     VERSION     : 12.1 (M.53d)
   \   \         APPLICATION : C:\Xilinx\12.1\ISE_DS\ISE\bin\nt64\unwrapped\compxlib.exe
   /   /         CONTENTS    : Compilation Log
  /___/   /\     FILENAME    : compxlib.log
  \   \  /  \    
   \___\/\___\

Release 12.1 - C:\Xilinx\12.1\ISE_DS\ISE\bin\nt64\unwrapped\compxlib.exe 12.1 (nt64)
Copyright (c) 1995-2010 Xilinx, Inc.  All rights reserved.

Processing command line ...
WARNING:Compxlib - The legacy option '-exclude_deprecated' will be obsolete in version 13.1. Please use the option '-exclude_superseded' for the same.
Library Source Paths => 'C:/Xilinx/12.1/ISE_DS/ISE'
Current Working Directory => 'C:\Users\Sacha\work\amazing3211\board_single_cycle_core\memcont'
Compilation Mode = FAST
Execute Mode = ON
Scheduling library installation & compilation for architectures: spartan3

Scheduling library installation & compilation for libraries: simprim unisim xilinxcorelib edk

Signature:-
------------------------------------------------------------------------------
C:\Xilinx\12.1\ISE_DS\ISE\bin\nt64\unwrapped\compxlib.exe -s mti_se -l vhdl -p C:/altera/10.1sp1/modelsim_ase/win32aloem -arch spartan3 -lib unisim -lib simprim -lib xilinxcorelib -lib edk -exclude_deprecated -intstyle ise 
------------------------------------------------------------------------------
ERROR:Compxlib - COMPXLIB[sim]: Unable to automatically find executables for simulator 'mti_se' from the following paths:
    C:/altera/10.1sp1/modelsim_ase/win32aloem
   C:\Xilinx\12.1\ISE_DS\ISE\lib\nt64
   C:\Xilinx\12.1\ISE_DS\ISE\bin\nt64
   C:\Xilinx\12.1\ISE_DS\PlanAhead\bin
   C:\Xilinx\12.1\ISE_DS\EDK\bin\nt64
   C:\Xilinx\12.1\ISE_DS\EDK\lib\nt64
   C:\Xilinx\12.1\ISE_DS\common\bin\nt64
   C:\Xilinx\12.1\ISE_DS\common\lib\nt64
   C:\Windows\system32
   C:\Windows
   C:\Windows\System32\Wbem
   C:\Windows\System32\WindowsPowerShell\v1.0\
   C:\Program Files (x86)\Git\cmd
   C:\Program Files (x86)\Git\bin
   c:\altera\10.1sp1\modelsim_ase\win32aloem.
Simulator 'mti_se' is ignored.
