Project Navigator Auto-Make Log File
-------------------------------------










Started process "Check Syntax".


=========================================================================
*                          HDL Compilation                              *
=========================================================================
Compiling vhdl file "C:/data/lihwen/06s2-COMP3211/ise7/single_cycle_core/mux_2to1_1b.vhd" in Library work.
Entity <mux_2to1_1b> compiled.
Entity <mux_2to1_1b> (Architecture <behavioural>) compiled.
Compiling vhdl file "C:/data/lihwen/06s2-COMP3211/ise7/single_cycle_core/program_counter.vhd" in Library work.
Entity <program_counter> compiled.
Entity <program_counter> (Architecture <behavioral>) compiled.
Compiling vhdl file "C:/data/lihwen/06s2-COMP3211/ise7/single_cycle_core/adder_4b.vhd" in Library work.
Entity <adder_4b> compiled.
Entity <adder_4b> (Architecture <behavioural>) compiled.
Compiling vhdl file "C:/data/lihwen/06s2-COMP3211/ise7/single_cycle_core/instruction_memory.vhd" in Library work.
Entity <instruction_memory> compiled.
Entity <instruction_memory> (Architecture <behavioral>) compiled.
Compiling vhdl file "C:/data/lihwen/06s2-COMP3211/ise7/single_cycle_core/sign_extend_4to16.vhd" in Library work.
Entity <sign_extend_4to16> compiled.
Entity <sign_extend_4to16> (Architecture <behavioral>) compiled.
Compiling vhdl file "C:/data/lihwen/06s2-COMP3211/ise7/single_cycle_core/control_unit.vhd" in Library work.
Entity <control_unit> compiled.
Entity <control_unit> (Architecture <behavioural>) compiled.
Compiling vhdl file "C:/data/lihwen/06s2-COMP3211/ise7/single_cycle_core/mux_2to1_4b.vhd" in Library work.
Entity <mux_2to1_4b> compiled.
Entity <mux_2to1_4b> (Architecture <structural>) compiled.
Compiling vhdl file "C:/data/lihwen/06s2-COMP3211/ise7/single_cycle_core/register_file.vhd" in Library work.
Entity <register_file> compiled.
Entity <register_file> (Architecture <behavioral>) compiled.
Compiling vhdl file "C:/data/lihwen/06s2-COMP3211/ise7/single_cycle_core/mux_2to1_16b.vhd" in Library work.
Entity <mux_2to1_16b> compiled.
Entity <mux_2to1_16b> (Architecture <structural>) compiled.
Compiling vhdl file "C:/data/lihwen/06s2-COMP3211/ise7/single_cycle_core/adder_16b.vhd" in Library work.
Entity <adder_16b> compiled.
Entity <adder_16b> (Architecture <behavioural>) compiled.
Compiling vhdl file "C:/data/lihwen/06s2-COMP3211/ise7/single_cycle_core/data_memory.vhd" in Library work.
Entity <data_memory> compiled.
Entity <data_memory> (Architecture <behavioral>) compiled.
Compiling vhdl file "C:/data/lihwen/06s2-COMP3211/ise7/single_cycle_core/single_cycle_core.vhd" in Library work.
Entity <single_cycle_core> compiled.
Entity <single_cycle_core> (Architecture <structural>) compiled.


Project Navigator Auto-Make Log File
-------------------------------------





Project Navigator Auto-Make Log File
-------------------------------------



deleting "single_cycle_core_testbench_bencher.prj"
deleting "single_cycle_core.lso"
deleting "single_cycle_core.stx"
deleting "single_cycle_core_testbench_bencher.prj"
deleting "single_cycle_core_testbench.fdo"
deleting "vsim.wlf"
deleting "single_cycle_core_testbench_bencher.prj"
deleting "single_cycle_core_summary.html"
deleting "single_cycle_core.prj"
deleting "single_cycle_core.sprj"
deleting "__projnav/single_cycle_core.xst"
deleting "xst"
deleting "__projnav/single_cycle_core.gfl"
deleting "__projnav/single_cycle_core_flowplus.gfl"
deleting single_cycle_core.dhp
Finished cleaning up project


Project Navigator Auto-Make Log File
-------------------------------------

