Project, 'coregen', initialised from file
'C:\Users\Sacha\work\amazing3211\board_single_cycle_core\memcont\ipcore_dir\core
gen.cgp'.
Initialising IP model...
Finished initialising IP model.
Generating IP...
WARNING:sim:89 - A core named <dmem> already exists in the output directory.
   Output products for this core may be overwritten.
Initialising IP model...
Finished initialising IP model.
Initialising IP model...
Finished initialising IP model.
Initialising IP model...
Finished initialising IP model.
XST: HDL Compilation
XST: Design Hierarchy Analysis
XST: HDL Analysis
XST: HDL Synthesis
XST: Advanced HDL Synthesis
XST: Low Level Synthesis
XST: Partition Report
XST: Final Report
Generating Implementation files.
Generating ISE symbol file...
Generating NGC file.
Finished Generation Stage.
Generating IP instantiation template...
Generating the VHDL instantiation template.
Finished generating IP instantiation template.
Generating metadata file...
Finished generating metadata file.
Generating ISE file...
Finished ISE file generation.
Creating readme './tmp/_cg\dmem_readme.txt'.
Generating FLIST file...
Finished FLIST file generation.
Preparing output directory...
Finished preparing output directory.
Moving files to output directory...
Finished moving files to output directory
Saved options for project 'coregen'.
